<?xml version="1.0" encoding="UTF-8" ?>
<testsuite tests="2" failures="0" name="ifpe.recife.tads.test.ContatoCRUDTest" time="2.919" errors="2" skipped="0">
  <properties>
[...]
</properties>
  <testcase classname="ifpe.recife.tads.test.ContatoCRUDTest" name="ifpe.recife.tads.test.ContatoCRUDTest" time="5.315">
    <error message="Unable to execute JPA schema generation create command [create table TB_ENDERECO (ID bigint not null auto_increment, BAIRRO varchar(100) not null, CIDADE varchar(100) not null, NUMERO varchar(10) not null, RUA varchar(100) not null, ID_COORDENADA bigint not null, primary key (ID))]" type="javax.persistence.PersistenceException">javax.persistence.PersistenceException: Unable to execute JPA schema generation create command [create table TB_ENDERECO (ID bigint not null auto_increment, BAIRRO varchar(100) not null, CIDADE varchar(100) not null, NUMERO varchar(10) not null, RUA varchar(100) not null, ID_COORDENADA bigint not null, primary key (ID))]
	at org.hibernate.jpa.internal.schemagen.GenerationTargetToDatabase.acceptCreateCommands(GenerationTargetToDatabase.java:64)
	at org.hibernate.jpa.internal.schemagen.JpaSchemaGenerator.doGeneration(JpaSchemaGenerator.java:507)
	at org.hibernate.jpa.internal.schemagen.JpaSchemaGenerator.access$300(JpaSchemaGenerator.java:69)
	at org.hibernate.jpa.internal.schemagen.JpaSchemaGenerator$Generation.execute(JpaSchemaGenerator.java:184)
	at org.hibernate.jpa.internal.schemagen.JpaSchemaGenerator.performGeneration(JpaSchemaGenerator.java:76)
	at org.hibernate.jpa.boot.internal.EntityManagerFactoryBuilderImpl$4.perform(EntityManagerFactoryBuilderImpl.java:857)
	at org.hibernate.jpa.boot.internal.EntityManagerFactoryBuilderImpl$4.perform(EntityManagerFactoryBuilderImpl.java:843)
	at org.hibernate.boot.registry.classloading.internal.ClassLoaderServiceImpl.withTccl(ClassLoaderServiceImpl.java:398)
	at org.hibernate.jpa.boot.internal.EntityManagerFactoryBuilderImpl.build(EntityManagerFactoryBuilderImpl.java:842)
	at org.hibernate.jpa.HibernatePersistenceProvider.createEntityManagerFactory(HibernatePersistenceProvider.java:73)
	at org.hibernate.ejb.HibernatePersistence.createEntityManagerFactory(HibernatePersistence.java:54)
	at javax.persistence.Persistence.createEntityManagerFactory(Persistence.java:55)
	at javax.persistence.Persistence.createEntityManagerFactory(Persistence.java:39)
	at ifpe.recife.tads.test.ContatoCRUDTest.setUpClass(ContatoCRUDTest.java:45)
	at sun.reflect.NativeMethodAccessorImpl.invoke0(Native Method)
	at sun.reflect.NativeMethodAccessorImpl.invoke(NativeMethodAccessorImpl.java:62)
	at sun.reflect.DelegatingMethodAccessorImpl.invoke(DelegatingMethodAccessorImpl.java:43)
	at java.lang.reflect.Method.invoke(Method.java:498)
	at org.junit.runners.model.FrameworkMethod$1.runReflectiveCall(FrameworkMethod.java:47)
	at org.junit.internal.runners.model.ReflectiveCallable.run(ReflectiveCallable.java:12)
	at org.junit.runners.model.FrameworkMethod.invokeExplosively(FrameworkMethod.java:44)
	at org.junit.internal.runners.statements.RunBefores.evaluate(RunBefores.java:24)
	at org.junit.internal.runners.statements.RunAfters.evaluate(RunAfters.java:27)
	at org.junit.runners.ParentRunner.run(ParentRunner.java:309)
	at org.apache.maven.surefire.junit4.JUnit4TestSet.execute(JUnit4TestSet.java:53)
	at org.apache.maven.surefire.junit4.JUnit4Provider.executeTestSet(JUnit4Provider.java:123)
	at org.apache.maven.surefire.junit4.JUnit4Provider.invoke(JUnit4Provider.java:104)
	at sun.reflect.NativeMethodAccessorImpl.invoke0(Native Method)
	at sun.reflect.NativeMethodAccessorImpl.invoke(NativeMethodAccessorImpl.java:62)
	at sun.reflect.DelegatingMethodAccessorImpl.invoke(DelegatingMethodAccessorImpl.java:43)
	at java.lang.reflect.Method.invoke(Method.java:498)
	at org.apache.maven.surefire.util.ReflectionUtils.invokeMethodWithArray(ReflectionUtils.java:164)
	at org.apache.maven.surefire.booter.ProviderFactory$ProviderProxy.invoke(ProviderFactory.java:110)
	at org.apache.maven.surefire.booter.SurefireStarter.invokeProvider(SurefireStarter.java:175)
	at org.apache.maven.surefire.booter.SurefireStarter.runSuitesInProcessWhenForked(SurefireStarter.java:107)
	at org.apache.maven.surefire.booter.ForkedBooter.main(ForkedBooter.java:68)
Caused by: com.mysql.jdbc.exceptions.jdbc4.MySQLSyntaxErrorException: Table &apos;tb_endereco&apos; already exists
	at sun.reflect.GeneratedConstructorAccessor27.newInstance(Unknown Source)
	at sun.reflect.DelegatingConstructorAccessorImpl.newInstance(DelegatingConstructorAccessorImpl.java:45)
	at java.lang.reflect.Constructor.newInstance(Constructor.java:423)
	at com.mysql.jdbc.Util.handleNewInstance(Util.java:411)
	at com.mysql.jdbc.Util.getInstance(Util.java:386)
	at com.mysql.jdbc.SQLError.createSQLException(SQLError.java:1053)
	at com.mysql.jdbc.MysqlIO.checkErrorPacket(MysqlIO.java:4120)
	at com.mysql.jdbc.MysqlIO.checkErrorPacket(MysqlIO.java:4052)
	at com.mysql.jdbc.MysqlIO.sendCommand(MysqlIO.java:2503)
	at com.mysql.jdbc.MysqlIO.sqlQueryDirect(MysqlIO.java:2664)
	at com.mysql.jdbc.ConnectionImpl.execSQL(ConnectionImpl.java:2788)
	at com.mysql.jdbc.ConnectionImpl.execSQL(ConnectionImpl.java:2738)
	at com.mysql.jdbc.StatementImpl.execute(StatementImpl.java:899)
	at com.mysql.jdbc.StatementImpl.execute(StatementImpl.java:737)
	at org.hibernate.jpa.internal.schemagen.GenerationTargetToDatabase.acceptCreateCommands(GenerationTargetToDatabase.java:61)
	... 35 more
</error>
    <system-err>out 01, 2019 10:19:20 PM org.hibernate.ejb.HibernatePersistence logDeprecation
WARN: HHH015016: Encountered a deprecated javax.persistence.spi.PersistenceProvider [org.hibernate.ejb.HibernatePersistence]; use [org.hibernate.jpa.HibernatePersistenceProvider] instead.
out 01, 2019 10:19:20 PM org.hibernate.ejb.HibernatePersistence logDeprecation
WARN: HHH015016: Encountered a deprecated javax.persistence.spi.PersistenceProvider [org.hibernate.ejb.HibernatePersistence]; use [org.hibernate.jpa.HibernatePersistenceProvider] instead.
out 01, 2019 10:19:20 PM org.hibernate.ejb.HibernatePersistence logDeprecation
WARN: HHH015016: Encountered a deprecated javax.persistence.spi.PersistenceProvider [org.hibernate.ejb.HibernatePersistence]; use [org.hibernate.jpa.HibernatePersistenceProvider] instead.
out 01, 2019 10:19:20 PM org.hibernate.jpa.internal.util.LogHelper logPersistenceUnitInformation
INFO: HHH000204: Processing PersistenceUnitInfo [
	name: alerta_recife
	...]
out 01, 2019 10:19:20 PM org.hibernate.engine.jdbc.connections.internal.DriverManagerConnectionProviderImpl configure
WARN: HHH000402: Using Hibernate built-in connection pool (not for production use!)
out 01, 2019 10:19:20 PM org.hibernate.engine.jdbc.connections.internal.DriverManagerConnectionProviderImpl buildCreator
INFO: HHH000401: using driver [com.mysql.jdbc.Driver] at URL [jdbc:mysql://localhost:3306/alerta_recife]
out 01, 2019 10:19:20 PM org.hibernate.engine.jdbc.connections.internal.DriverManagerConnectionProviderImpl buildCreator
INFO: HHH000046: Connection properties: {user=root, password=****}
out 01, 2019 10:19:21 PM org.hibernate.engine.jdbc.connections.internal.DriverManagerConnectionProviderImpl buildCreator
INFO: HHH000006: Autocommit mode: false
out 01, 2019 10:19:21 PM org.hibernate.engine.jdbc.connections.internal.DriverManagerConnectionProviderImpl configure
INFO: HHH000115: Hibernate connection pool size: 20 (min=1)
out 01, 2019 10:19:21 PM org.hibernate.dialect.Dialect &lt;init&gt;
INFO: HHH000400: Using dialect: org.hibernate.dialect.MySQL5Dialect
out 01, 2019 10:19:21 PM org.hibernate.hql.internal.ast.ASTQueryTranslatorFactory &lt;init&gt;
INFO: HHH000397: Using ASTQueryTranslatorFactory
out 01, 2019 10:19:21 PM org.hibernate.dialect.Dialect &lt;init&gt;
INFO: HHH000400: Using dialect: org.hibernate.dialect.MySQL5Dialect
out 01, 2019 10:19:21 PM org.hibernate.jpa.internal.schemagen.GenerationTargetToDatabase acceptDropCommands
WARN: Unable to execute JPA schema generation drop command [alter table TB_ADMINISTRADOR drop foreign key FK_4is1v957hl6fsx9h1vp0h23jj]
out 01, 2019 10:19:21 PM org.hibernate.jpa.internal.schemagen.GenerationTargetToDatabase acceptDropCommands
WARN: Unable to execute JPA schema generation drop command [alter table TB_ENDERECO drop foreign key FK_64iipmq4vf7rvg5v74v99d992]
out 01, 2019 10:19:21 PM org.hibernate.jpa.internal.schemagen.GenerationTargetToDatabase acceptDropCommands
WARN: Unable to execute JPA schema generation drop command [alter table TB_PONTO_RISCO drop foreign key FK_ac0v9kw70qd8ow5kqosjmko6u]
out 01, 2019 10:19:21 PM org.hibernate.jpa.internal.schemagen.GenerationTargetToDatabase acceptDropCommands
WARN: Unable to execute JPA schema generation drop command [alter table TB_SOLICITACAO drop foreign key FK_9sf423ujcxy6yuxnv05njugkg]
out 01, 2019 10:19:21 PM org.hibernate.jpa.internal.schemagen.GenerationTargetToDatabase acceptDropCommands
WARN: Unable to execute JPA schema generation drop command [alter table TB_USUARIO_TELEFONE drop foreign key FK_iv6wcc5hthkh21nocriygptiy]
out 01, 2019 10:19:21 PM org.hibernate.jpa.internal.schemagen.GenerationTargetToDatabase acceptDropCommands
WARN: Unable to execute JPA schema generation drop command [alter table TB_USUARIO_TELEFONE drop foreign key FK_r3kw4d4omcjtqhuqkdhmwcikp]
out 01, 2019 10:19:22 PM org.hibernate.jpa.internal.schemagen.GenerationTargetToDatabase acceptDropCommands
WARN: Unable to execute JPA schema generation drop command [drop table if exists TB_ENDERECO]
</system-err>
  </testcase>
  <testcase classname="ifpe.recife.tads.test.ContatoCRUDTest" name="ifpe.recife.tads.test.ContatoCRUDTest" time="5.315">
    <error type="java.lang.NullPointerException">java.lang.NullPointerException
	at ifpe.recife.tads.test.ContatoCRUDTest.tearDownClass(ContatoCRUDTest.java:53)
	at sun.reflect.NativeMethodAccessorImpl.invoke0(Native Method)
	at sun.reflect.NativeMethodAccessorImpl.invoke(NativeMethodAccessorImpl.java:62)
	at sun.reflect.DelegatingMethodAccessorImpl.invoke(DelegatingMethodAccessorImpl.java:43)
	at java.lang.reflect.Method.invoke(Method.java:498)
	at org.junit.runners.model.FrameworkMethod$1.runReflectiveCall(FrameworkMethod.java:47)
	at org.junit.internal.runners.model.ReflectiveCallable.run(ReflectiveCallable.java:12)
	at org.junit.runners.model.FrameworkMethod.invokeExplosively(FrameworkMethod.java:44)
	at org.junit.internal.runners.statements.RunAfters.evaluate(RunAfters.java:33)
	at org.junit.runners.ParentRunner.run(ParentRunner.java:309)
	at org.apache.maven.surefire.junit4.JUnit4TestSet.execute(JUnit4TestSet.java:53)
	at org.apache.maven.surefire.junit4.JUnit4Provider.executeTestSet(JUnit4Provider.java:123)
	at org.apache.maven.surefire.junit4.JUnit4Provider.invoke(JUnit4Provider.java:104)
	at sun.reflect.NativeMethodAccessorImpl.invoke0(Native Method)
	at sun.reflect.NativeMethodAccessorImpl.invoke(NativeMethodAccessorImpl.java:62)
	at sun.reflect.DelegatingMethodAccessorImpl.invoke(DelegatingMethodAccessorImpl.java:43)
	at java.lang.reflect.Method.invoke(Method.java:498)
	at org.apache.maven.surefire.util.ReflectionUtils.invokeMethodWithArray(ReflectionUtils.java:164)
	at org.apache.maven.surefire.booter.ProviderFactory$ProviderProxy.invoke(ProviderFactory.java:110)
	at org.apache.maven.surefire.booter.SurefireStarter.invokeProvider(SurefireStarter.java:175)
	at org.apache.maven.surefire.booter.SurefireStarter.runSuitesInProcessWhenForked(SurefireStarter.java:107)
	at org.apache.maven.surefire.booter.ForkedBooter.main(ForkedBooter.java:68)
</error>
  </testcase>
</testsuite>