<?xml version="1.0" encoding="UTF-8" ?>
<testsuite tests="1" failures="0" name="ifpe.recife.tads.test.Teste" time="23.664" errors="1" skipped="0">
  <properties>
[...]
</properties>
  <testcase classname="ifpe.recife.tads.test.Teste" name="ifpe.recife.tads.test.Teste" time="0">
    <error message="TB_ADMINISTRADOR" type="java.lang.RuntimeException">java.lang.RuntimeException: TB_ADMINISTRADOR
	at ifpe.recife.tads.test.DataSet.inserirDados(DataSet.java:38)
	at ifpe.recife.tads.test.Teste.setUpClass(Teste.java:38)
	at sun.reflect.NativeMethodAccessorImpl.invoke0(Native Method)
	at sun.reflect.NativeMethodAccessorImpl.invoke(NativeMethodAccessorImpl.java:62)
	at sun.reflect.DelegatingMethodAccessorImpl.invoke(DelegatingMethodAccessorImpl.java:43)
	at java.lang.reflect.Method.invoke(Method.java:498)
	at org.junit.runners.model.FrameworkMethod$1.runReflectiveCall(FrameworkMethod.java:47)
	at org.junit.internal.runners.model.ReflectiveCallable.run(ReflectiveCallable.java:12)
	at org.junit.runners.model.FrameworkMethod.invokeExplosively(FrameworkMethod.java:44)
	at org.junit.internal.runners.statements.RunBefores.evaluate(RunBefores.java:24)
	at org.junit.internal.runners.statements.RunAfters.evaluate(RunAfters.java:27)
	at org.junit.runners.ParentRunner.run(ParentRunner.java:309)
	at org.apache.maven.surefire.junit4.JUnit4TestSet.execute(JUnit4TestSet.java:53)
	at org.apache.maven.surefire.junit4.JUnit4Provider.executeTestSet(JUnit4Provider.java:123)
	at org.apache.maven.surefire.junit4.JUnit4Provider.invoke(JUnit4Provider.java:104)
	at sun.reflect.NativeMethodAccessorImpl.invoke0(Native Method)
	at sun.reflect.NativeMethodAccessorImpl.invoke(NativeMethodAccessorImpl.java:62)
	at sun.reflect.DelegatingMethodAccessorImpl.invoke(DelegatingMethodAccessorImpl.java:43)
	at java.lang.reflect.Method.invoke(Method.java:498)
	at org.apache.maven.surefire.util.ReflectionUtils.invokeMethodWithArray(ReflectionUtils.java:164)
	at org.apache.maven.surefire.booter.ProviderFactory$ProviderProxy.invoke(ProviderFactory.java:110)
	at org.apache.maven.surefire.booter.SurefireStarter.invokeProvider(SurefireStarter.java:175)
	at org.apache.maven.surefire.booter.SurefireStarter.runSuitesInProcessWhenForked(SurefireStarter.java:107)
	at org.apache.maven.surefire.booter.ForkedBooter.main(ForkedBooter.java:68)
Caused by: org.dbunit.dataset.NoSuchTableException: TB_ADMINISTRADOR
	at org.dbunit.database.DatabaseDataSet.getTableMetaData(DatabaseDataSet.java:305)
	at org.dbunit.operation.DeleteAllOperation.execute(DeleteAllOperation.java:109)
	at org.dbunit.operation.CompositeOperation.execute(CompositeOperation.java:79)
	at ifpe.recife.tads.test.DataSet.inserirDados(DataSet.java:35)
	... 23 more
</error>
    <system-out>[EL Warning]: metadata: 2019-08-24 21:25:43.52--ServerSession(192881625)--The reference column name [ID_USUARIO] mapped on the element [class ifpe.recife.tads.alerta_recife.Administrador] does not correspond to a valid id or basic field/column on the mapping reference. Will use referenced column name as provided.
[EL Info]: 2019-08-24 21:25:48.738--ServerSession(192881625)--EclipseLink, version: Eclipse Persistence Services - 2.5.2.v20140319-9ad6abd
[EL Info]: connection: 2019-08-24 21:25:49.613--ServerSession(192881625)--file:/C:/Users/rosaa/Desktop/dsc_alerta_recife/alerta_recife/target/classes/_alerta_recife login successful
[EL Warning]: 2019-08-24 21:25:58.376--ServerSession(192881625)--Exception [EclipseLink-4002] (Eclipse Persistence Services - 2.5.2.v20140319-9ad6abd): org.eclipse.persistence.exceptions.DatabaseException
Internal Exception: java.sql.SQLException: Cannot add foreign key constraint
Error Code: 1215
Call: ALTER TABLE ADMINISTRADOR ADD CONSTRAINT FK_ADMINISTRADOR_ID_ADMIN FOREIGN KEY (ID_ADMIN) REFERENCES TB_USUARIO (ID_USUARIO)
Query: DataModifyQuery(sql=&quot;ALTER TABLE ADMINISTRADOR ADD CONSTRAINT FK_ADMINISTRADOR_ID_ADMIN FOREIGN KEY (ID_ADMIN) REFERENCES TB_USUARIO (ID_USUARIO)&quot;)
conexao falhou[EL Info]: connection: 2019-08-24 21:25:58.923--ServerSession(192881625)--file:/C:/Users/rosaa/Desktop/dsc_alerta_recife/alerta_recife/target/classes/_alerta_recife logout successful
</system-out>
    <system-err>ago 24, 2019 9:25:36 PM org.hibernate.ejb.HibernatePersistence logDeprecation
WARN: HHH015016: Encountered a deprecated javax.persistence.spi.PersistenceProvider [org.hibernate.ejb.HibernatePersistence]; use [org.hibernate.jpa.HibernatePersistenceProvider] instead.
ago 24, 2019 9:25:36 PM org.hibernate.ejb.HibernatePersistence logDeprecation
WARN: HHH015016: Encountered a deprecated javax.persistence.spi.PersistenceProvider [org.hibernate.ejb.HibernatePersistence]; use [org.hibernate.jpa.HibernatePersistenceProvider] instead.
ago 24, 2019 9:25:36 PM org.hibernate.ejb.HibernatePersistence logDeprecation
WARN: HHH015016: Encountered a deprecated javax.persistence.spi.PersistenceProvider [org.hibernate.ejb.HibernatePersistence]; use [org.hibernate.jpa.HibernatePersistenceProvider] instead.
ago 24, 2019 9:25:46 PM org.hibernate.validator.internal.util.Version &lt;clinit&gt;
INFO: HV000001: Hibernate Validator 5.1.3.Final
[main] ERROR org.dbunit.database.DatabaseDataSet - Table &apos;TB_ADMINISTRADOR&apos; not found in tableMap=org.dbunit.dataset.OrderedTableNameMap[_tableNames=[administrador, tb_usuario], _tableMap={ADMINISTRADOR=null, TB_USUARIO=null}, _caseSensitiveTableNames=false]
</system-err>
  </testcase>
</testsuite>